<?xml version="1.0" encoding="UTF-8"?>
<!-- Generated by org.testng.reporters.JUnitXMLReporter -->
<testsuite hostname="DESKTOP-U8C4O66" ignored="0" tests="6" failures="0" timestamp="2020-06-05T14:21:38 PKT" time="19.716" errors="0">
  <testcase name="signUpTestSuite" time="3.995" classname="SignupTestSuite"/>
  <testcase name="signUpEmptyUserNameTestSuite" time="3.773" classname="SignupTestSuite"/>
  <testcase name="signUpEmptyPasswordTestSuite" time="3.018" classname="SignupTestSuite"/>
  <testcase name="signUpEmptyConfirmPasswordTestSuite" time="3.07" classname="SignupTestSuite"/>
  <testcase name="signUpEmptyEmailTestSuite" time="2.782" classname="SignupTestSuite"/>
  <testcase name="signUpWrongPasswordTestSuite" time="2.937" classname="SignupTestSuite"/>
</testsuite>
