<?xml version="1.0" encoding="UTF-8"?>
<!-- Generated by org.testng.reporters.JUnitXMLReporter -->
<testsuite hostname="DESKTOP-U8C4O66" ignored="0" tests="2" failures="1" timestamp="2020-06-06T12:22:22 PKT" time="17.789" errors="0">
  <testcase name="changePasswordDismissTestSuite" time="6.094" classname="ChangePasswordTestSuite"/>
  <testcase name="changePasswordTestSuite" time="11.684" classname="ChangePasswordTestSuite">
    <failure type="java.lang.AssertionError" message="expected [Change Password Successfully! Please login with your new password again.] but found [Incorrect Old Password!]">
      <![CDATA[java.lang.AssertionError: expected [Change Password Successfully! Please login with your new password again.] but found [Incorrect Old Password!]
at ChangePasswordTestSuite.changePasswordTestSuite(ChangePasswordTestSuite.java:69)
at java.util.ArrayList.forEach(Unknown Source)
... Removed 33 stack frames]]>
    </failure>
  </testcase> <!-- changePasswordTestSuite -->
</testsuite>
