<?xml version="1.0" encoding="UTF-8"?>
<!-- Generated by org.testng.reporters.JUnitXMLReporter -->
<testsuite hostname="DESKTOP-U8C4O66" ignored="0" tests="6" failures="0" timestamp="2020-06-06T12:17:29 PKT" time="33.808" errors="0">
  <testcase name="signUpTestSuite" time="6.635" classname="SignupTestSuite"/>
  <testcase name="signUpEmptyUserNameTestSuite" time="5.857" classname="SignupTestSuite"/>
  <testcase name="signUpEmptyPasswordTestSuite" time="5.144" classname="SignupTestSuite"/>
  <testcase name="signUpEmptyConfirmPasswordTestSuite" time="5.003" classname="SignupTestSuite"/>
  <testcase name="signUpEmptyEmailTestSuite" time="5.414" classname="SignupTestSuite"/>
  <testcase name="signUpWrongPasswordTestSuite" time="5.628" classname="SignupTestSuite"/>
</testsuite>
