<?xml version="1.0" encoding="UTF-8"?>
<!-- Generated by org.testng.reporters.JUnitXMLReporter -->
<testsuite hostname="DESKTOP-U8C4O66" ignored="0" tests="3" failures="0" timestamp="2020-06-06T12:18:22 PKT" time="17.141" errors="0">
  <testcase name="addEntryTestSuite" time="6.004" classname="AddEntryTestSuite"/>
  <testcase name="addEntryAutoPasswordTestSuite" time="5.724" classname="AddEntryTestSuite"/>
  <testcase name="addEntryEmptyAccountTestSuite" time="5.402" classname="AddEntryTestSuite"/>
</testsuite>
